This is pdfTeX, Version 3.141592653-2.6-1.40.29 (TeX Live 2026) (preloaded format=pdflatex 2026.6.16)  30 JUN 2026 09:25
entering extended mode
 restricted \write18 enabled.
 file:line:error style messages enabled.
 %&-line parsing enabled.
**"c:/student-manager/SOICT_DATN_Application_VIE_Template (2)/DoAn.tex"
(c:/student-manager/SOICT_DATN_Application_VIE_Template (2)/DoAn.tex
LaTeX2e <2026-06-01>
L3 programming layer <2026-05-26>
(c:/texlive/2026/texmf-dist/tex/latex/base/report.cls
Document Class: report 2025/01/22 v1.4n Standard LaTeX document class
(c:/texlive/2026/texmf-dist/tex/latex/base/size10.clo
File: size10.clo 2025/01/22 v1.4n Standard LaTeX file (size option)
)
\c@part=\count276
\c@chapter=\count277
\c@section=\count278
\c@subsection=\count279
\c@subsubsection=\count280
\c@paragraph=\count281
\c@subparagraph=\count282
\c@figure=\count283
\c@table=\count284
\abovecaptionskip=\skip49
\belowcaptionskip=\skip50
\bibindent=\dimen150
) (c:/texlive/2026/texmf-dist/tex/latex/koma-script/scrextend.sty
Package: scrextend 2026/02/02 v3.49.2 KOMA-Script package (extend other classes with features of KOMA-Script classes)
 (c:/texlive/2026/texmf-dist/tex/latex/koma-script/scrkbase.sty
Package: scrkbase 2026/02/02 v3.49.2 KOMA-Script package (KOMA-Script-dependent basics and keyval usage)
 (c:/texlive/2026/texmf-dist/tex/latex/koma-script/scrbase.sty
Package: scrbase 2026/02/02 v3.49.2 KOMA-Script package (KOMA-Script-independent basics and keyval usage)
 (c:/texlive/2026/texmf-dist/tex/latex/koma-script/scrlfile.sty
Package: scrlfile 2026/02/02 v3.49.2 KOMA-Script package (file load hooks)
 (c:/texlive/2026/texmf-dist/tex/latex/koma-script/scrlfile-hook.sty
Package: scrlfile-hook 2026/02/02 v3.49.2 KOMA-Script package (using LaTeX hooks)
 (c:/texlive/2026/texmf-dist/tex/latex/koma-script/scrlogo.sty
Package: scrlogo 2026/02/02 v3.49.2 KOMA-Script package (logo)
))) (c:/texlive/2026/texmf-dist/tex/latex/graphics/keyval.sty
Package: keyval 2026-05-17 v1.15 key=value parser (DPC)
\KV@toks@=\toks17
)
Applying: [2021/05/01] Usage of raw or classic option list on input line 254.
Already applied: [0000/00/00] Usage of raw or classic option list on input line 370.
)))

LaTeX Font Warning: Font shape `OT1/cmr/m/n' in size <13> not available
(Font)              size <12> substituted on input line 3.

(c:/texlive/2026/texmf-dist/tex/latex/vntex/vietnam.sty
Package: vietnam 2009/07/12 v1.3 support for Vietnamese
 (c:/texlive/2026/texmf-dist/tex/latex/base/ifthen.sty
Package: ifthen 2024/03/16 v1.1e Standard LaTeX ifthen package (DPC)
) (c:/texlive/2026/texmf-dist/tex/latex/base/fontenc.sty
Package: fontenc 2025/07/18 v2.1d Standard LaTeX package
 (c:/texlive/2026/texmf-dist/tex/latex/vntex/t5enc.def
File: t5enc.def 2006/11/21 v1.4 Vietnamese T5 encoding
Now handling font encoding T5 ...
... processing UTF-8 mapping file for font encoding T5
 (c:/texlive/2026/texmf-dist/tex/latex/vntex/t5enc.dfu
File: t5enc.dfu 2006/08/19 v1.1 UTF8 support for Vietnamese
   defining Unicode char U+00AB (decimal 171)
   defining Unicode char U+00BB (decimal 187)
   defining Unicode char U+00C0 (decimal 192)
   defining Unicode char U+00C1 (decimal 193)
   defining Unicode char U+00C2 (decimal 194)
   defining Unicode char U+00C3 (decimal 195)
   defining Unicode char U+00C8 (decimal 200)
   defining Unicode char U+00C9 (decimal 201)
   defining Unicode char U+00CA (decimal 202)
   defining Unicode char U+00CC (decimal 204)
   defining Unicode char U+00CD (decimal 205)
   defining Unicode char U+00D2 (decimal 210)
   defining Unicode char U+00D3 (decimal 211)
   defining Unicode char U+00D4 (decimal 212)
   defining Unicode char U+00D5 (decimal 213)
   defining Unicode char U+00D9 (decimal 217)
   defining Unicode char U+00DA (decimal 218)
   defining Unicode char U+00DD (decimal 221)
   defining Unicode char U+00E0 (decimal 224)
   defining Unicode char U+00E1 (decimal 225)
   defining Unicode char U+00E2 (decimal 226)
   defining Unicode char U+00E3 (decimal 227)
   defining Unicode char U+00E8 (decimal 232)
   defining Unicode char U+00E9 (decimal 233)
   defining Unicode char U+00EA (decimal 234)
   defining Unicode char U+00EC (decimal 236)
   defining Unicode char U+00ED (decimal 237)
   defining Unicode char U+00F2 (decimal 242)
   defining Unicode char U+00F3 (decimal 243)
   defining Unicode char U+00F4 (decimal 244)
   defining Unicode char U+00F5 (decimal 245)
   defining Unicode char U+00F9 (decimal 249)
   defining Unicode char U+00FA (decimal 250)
   defining Unicode char U+00FD (decimal 253)
   defining Unicode char U+0102 (decimal 258)
   defining Unicode char U+0103 (decimal 259)
   defining Unicode char U+0110 (decimal 272)
   defining Unicode char U+0111 (decimal 273)
   defining Unicode char U+0128 (decimal 296)
   defining Unicode char U+0129 (decimal 297)
   defining Unicode char U+0131 (decimal 305)
   defining Unicode char U+0168 (decimal 360)
   defining Unicode char U+0169 (decimal 361)
   defining Unicode char U+01A0 (decimal 416)
   defining Unicode char U+01A1 (decimal 417)
   defining Unicode char U+01AF (decimal 431)
   defining Unicode char U+01B0 (decimal 432)
   defining Unicode char U+1EA0 (decimal 7840)
   defining Unicode char U+1EA1 (decimal 7841)
   defining Unicode char U+1EA2 (decimal 7842)
   defining Unicode char U+1EA3 (decimal 7843)
   defining Unicode char U+1EA4 (decimal 7844)
   defining Unicode char U+1EA5 (decimal 7845)
   defining Unicode char U+1EA6 (decimal 7846)
   defining Unicode char U+1EA7 (decimal 7847)
   defining Unicode char U+1EA8 (decimal 7848)
   defining Unicode char U+1EA9 (decimal 7849)
   defining Unicode char U+1EAA (decimal 7850)
   defining Unicode char U+1EAB (decimal 7851)
   defining Unicode char U+1EAC (decimal 7852)
   defining Unicode char U+1EAD (decimal 7853)
   defining Unicode char U+1EAE (decimal 7854)
   defining Unicode char U+1EAF (decimal 7855)
   defining Unicode char U+1EB0 (decimal 7856)
   defining Unicode char U+1EB1 (decimal 7857)
   defining Unicode char U+1EB2 (decimal 7858)
   defining Unicode char U+1EB3 (decimal 7859)
   defining Unicode char U+1EB4 (decimal 7860)
   defining Unicode char U+1EB5 (decimal 7861)
   defining Unicode char U+1EB6 (decimal 7862)
   defining Unicode char U+1EB7 (decimal 7863)
   defining Unicode char U+1EB8 (decimal 7864)
   defining Unicode char U+1EB9 (decimal 7865)
   defining Unicode char U+1EBA (decimal 7866)
   defining Unicode char U+1EBB (decimal 7867)
   defining Unicode char U+1EBC (decimal 7868)
   defining Unicode char U+1EBD (decimal 7869)
   defining Unicode char U+1EBE (decimal 7870)
   defining Unicode char U+1EBF (decimal 7871)
   defining Unicode char U+1EC0 (decimal 7872)
   defining Unicode char U+1EC1 (decimal 7873)
   defining Unicode char U+1EC2 (decimal 7874)
   defining Unicode char U+1EC3 (decimal 7875)
   defining Unicode char U+1EC4 (decimal 7876)
   defining Unicode char U+1EC5 (decimal 7877)
   defining Unicode char U+1EC6 (decimal 7878)
   defining Unicode char U+1EC7 (decimal 7879)
   defining Unicode char U+1EC8 (decimal 7880)
   defining Unicode char U+1EC9 (decimal 7881)
   defining Unicode char U+1ECA (decimal 7882)
   defining Unicode char U+1ECB (decimal 7883)
   defining Unicode char U+1ECC (decimal 7884)
   defining Unicode char U+1ECD (decimal 7885)
   defining Unicode char U+1ECE (decimal 7886)
   defining Unicode char U+1ECF (decimal 7887)
   defining Unicode char U+1ED0 (decimal 7888)
   defining Unicode char U+1ED1 (decimal 7889)
   defining Unicode char U+1ED2 (decimal 7890)
   defining Unicode char U+1ED3 (decimal 7891)
   defining Unicode char U+1ED4 (decimal 7892)
   defining Unicode char U+1ED5 (decimal 7893)
   defining Unicode char U+1ED6 (decimal 7894)
   defining Unicode char U+1ED7 (decimal 7895)
   defining Unicode char U+1ED8 (decimal 7896)
   defining Unicode char U+1ED9 (decimal 7897)
   defining Unicode char U+1EDA (decimal 7898)
   defining Unicode char U+1EDB (decimal 7899)
   defining Unicode char U+1EDC (decimal 7900)
   defining Unicode char U+1EDD (decimal 7901)
   defining Unicode char U+1EDE (decimal 7902)
   defining Unicode char U+1EDF (decimal 7903)
   defining Unicode char U+1EE0 (decimal 7904)
   defining Unicode char U+1EE1 (decimal 7905)
   defining Unicode char U+1EE2 (decimal 7906)
   defining Unicode char U+1EE3 (decimal 7907)
   defining Unicode char U+1EE4 (decimal 7908)
   defining Unicode char U+1EE5 (decimal 7909)
   defining Unicode char U+1EE6 (decimal 7910)
   defining Unicode char U+1EE7 (decimal 7911)
   defining Unicode char U+1EE8 (decimal 7912)
   defining Unicode char U+1EE9 (decimal 7913)
   defining Unicode char U+1EEA (decimal 7914)
   defining Unicode char U+1EEB (decimal 7915)
   defining Unicode char U+1EEC (decimal 7916)
   defining Unicode char U+1EED (decimal 7917)
   defining Unicode char U+1EEE (decimal 7918)
   defining Unicode char U+1EEF (decimal 7919)
   defining Unicode char U+1EF0 (decimal 7920)
   defining Unicode char U+1EF1 (decimal 7921)
   defining Unicode char U+1EF2 (decimal 7922)
   defining Unicode char U+1EF3 (decimal 7923)
   defining Unicode char U+1EF4 (decimal 7924)
   defining Unicode char U+1EF5 (decimal 7925)
   defining Unicode char U+1EF6 (decimal 7926)
   defining Unicode char U+1EF7 (decimal 7927)
   defining Unicode char U+1EF8 (decimal 7928)
   defining Unicode char U+1EF9 (decimal 7929)
   defining Unicode char U+200C (decimal 8204)
   defining Unicode char U+2013 (decimal 8211)
   defining Unicode char U+2014 (decimal 8212)
   defining Unicode char U+2018 (decimal 8216)
   defining Unicode char U+2019 (decimal 8217)
   defining Unicode char U+201A (decimal 8218)
   defining Unicode char U+201C (decimal 8220)
   defining Unicode char U+201D (decimal 8221)
   defining Unicode char U+201E (decimal 8222)
   defining Unicode char U+2030 (decimal 8240)
   defining Unicode char U+2031 (decimal 8241)
   defining Unicode char U+2039 (decimal 8249)
   defining Unicode char U+203A (decimal 8250)
   defining Unicode char U+2423 (decimal 9251)
))
LaTeX Font Info:    Trying to load font information for T5+cmr on input line 116.
 (c:/texlive/2026/texmf-dist/tex/latex/vntex/t5cmr.fd
File: t5cmr.fd 1999/05/25 v2.5h Standard LaTeX font definitions
)) (c:/texlive/2026/texmf-dist/tex/latex/base/inputenc.sty
Package: inputenc 2024/02/08 v1.3d Input encoding file
\inpenc@prehook=\toks18
\inpenc@posthook=\toks19
) (c:/texlive/2026/texmf-dist/tex/latex/vntex/vncaps.tex
File: vncaps.tex 2006/06/07 v1.1 Captions in Vietnamese
)) (c:/texlive/2026/texmf-dist/tex/latex/geometry/geometry.sty
Package: geometry 2026/03/07 v6.0 Page Geometry
 (c:/texlive/2026/texmf-dist/tex/generic/iftex/ifvtex.sty
Package: ifvtex 2019/10/25 v1.7 ifvtex legacy package. Use iftex instead.
 (c:/texlive/2026/texmf-dist/tex/generic/iftex/iftex.sty
Package: iftex 2024/12/12 v1.0g TeX engine tests
))
\Gm@cnth=\count285
\Gm@cntv=\count286
\c@Gm@tempcnt=\count287
\Gm@bindingoffset=\dimen151
\Gm@wd@mp=\dimen152
\Gm@odd@mp=\dimen153
\Gm@even@mp=\dimen154
\Gm@layoutwidth=\dimen155
\Gm@layoutheight=\dimen156
\Gm@layouthoffset=\dimen157
\Gm@layoutvoffset=\dimen158
\Gm@dimlist=\toks20
) (c:/texlive/2026/texmf-dist/tex/latex/graphics/graphicx.sty
Package: graphicx 2026-05-17 v1.2e Enhanced LaTeX Graphics (DPC,SPQR)
 (c:/texlive/2026/texmf-dist/tex/latex/graphics/graphics.sty
Package: graphics 2026-05-17 v1.4h Standard LaTeX Graphics (DPC,SPQR)
 (c:/texlive/2026/texmf-dist/tex/latex/graphics/trig.sty
Package: trig 2023/12/02 v1.11 sin cos tan (DPC)
) (c:/texlive/2026/texmf-dist/tex/latex/graphics-cfg/graphics.cfg
File: graphics.cfg 2016/06/04 v1.11 sample graphics configuration
)
Package graphics Info: Driver file: pdftex.def on input line 106.
 (c:/texlive/2026/texmf-dist/tex/latex/graphics-def/pdftex.def
File: pdftex.def 2025/09/29 v1.2d Graphics/color driver for pdftex
))
\Gin@req@height=\dimen159
\Gin@req@width=\dimen160
) (c:/texlive/2026/texmf-dist/tex/latex/fancybox/fancybox.sty
Package: fancybox 2010/05/15 1.4

Style option: `fancybox' v1.4 <2010/05/15> (tvz)
\@fancybox=\box53
\shadowsize=\dimen161
\@Sbox=\box54
\do@VerbBox=\toks21
\the@fancyput=\toks22
\this@fancyput=\toks23
\EndVerbatimTokens=\toks24
\Verbatim@Outfile=\write3
\Verbatim@Infile=\read2
) (c:/texlive/2026/texmf-dist/tex/latex/tools/indentfirst.sty
Package: indentfirst 2023/07/02 v1.03 Indent first paragraph (DPC)
) (c:/texlive/2026/texmf-dist/tex/latex/amscls/amsthm.sty
Package: amsthm 2020/05/29 v2.20.6
\thm@style=\toks25
\thm@bodyfont=\toks26
\thm@headfont=\toks27
\thm@notefont=\toks28
\thm@headpunct=\toks29
\thm@preskip=\skip51
\thm@postskip=\skip52
\thm@headsep=\skip53
\dth@everypar=\toks30
) (c:/texlive/2026/texmf-dist/tex/latex/base/latexsym.sty
Package: latexsym 1998/08/17 v2.2e Standard LaTeX package (lasy symbols)
\symlasy=\mathgroup4
LaTeX Font Info:    Overwriting symbol font `lasy' in version `bold'
(Font)                  U/lasy/m/n --> U/lasy/b/n on input line 52.
) (c:/texlive/2026/texmf-dist/tex/latex/amsmath/amsmath.sty
Package: amsmath 2026/05/19 v2.18d AMS math features
\@mathmargin=\skip54

For additional information on amsmath, use the `?' option.
(c:/texlive/2026/texmf-dist/tex/latex/amsmath/amstext.sty
Package: amstext 2024/11/17 v2.01 AMS text
 (c:/texlive/2026/texmf-dist/tex/latex/amsmath/amsgen.sty
File: amsgen.sty 1999/11/30 v2.0 generic functions
\@emptytoks=\toks31
\ex@=\dimen162
)) (c:/texlive/2026/texmf-dist/tex/latex/amsmath/amsbsy.sty
Package: amsbsy 1999/11/29 v1.2d Bold Symbols
\pmbraise@=\dimen163
) (c:/texlive/2026/texmf-dist/tex/latex/amsmath/amsopn.sty
Package: amsopn 2022/04/08 v2.04 operator names
)
\inf@bad=\count288
LaTeX Info: Redefining \frac on input line 233.
\uproot@=\count289
\leftroot@=\count290
LaTeX Info: Redefining \overline on input line 398.
LaTeX Info: Redefining \colon on input line 409.
\classnum@=\count291
\DOTSCASE@=\count292
LaTeX Info: Redefining \ldots on input line 495.
LaTeX Info: Redefining \dots on input line 498.
LaTeX Info: Redefining \cdots on input line 619.
\Mathstrutbox@=\box55
\strutbox@=\box56
LaTeX Info: Redefining \big on input line 721.
LaTeX Info: Redefining \Big on input line 722.
LaTeX Info: Redefining \bigg on input line 723.
LaTeX Info: Redefining \Bigg on input line 724.
\big@size=\dimen164
LaTeX Font Info:    Redeclaring font encoding OML on input line 742.
LaTeX Font Info:    Redeclaring font encoding OMS on input line 743.
\macc@depth=\count293
LaTeX Info: Redefining \bmod on input line 904.
LaTeX Info: Redefining \pmod on input line 909.
LaTeX Info: Redefining \smash on input line 939.
LaTeX Info: Redefining \relbar on input line 969.
LaTeX Info: Redefining \Relbar on input line 970.
\c@MaxMatrixCols=\count294
\dotsspace@=\muskip17
\c@parentequation=\count295
\dspbrk@lvl=\count296
\tag@help=\toks32
\row@=\count297
\column@=\count298
\maxfields@=\count299
\andhelp@=\toks33
\eqnshift@=\dimen165
\alignsep@=\dimen166
\tagshift@=\dimen167
\tagwidth@=\dimen168
\totwidth@=\dimen169
\lineht@=\dimen170
\@envbody=\toks34
\multlinegap=\skip55
\multlinetaggap=\skip56
\mathdisplay@stack=\toks35
LaTeX Info: Redefining \[ on input line 2965.
LaTeX Info: Redefining \] on input line 2966.
) (c:/texlive/2026/texmf-dist/tex/latex/amsfonts/amssymb.sty
Package: amssymb 2013/01/14 v3.01 AMS font symbols
 (c:/texlive/2026/texmf-dist/tex/latex/amsfonts/amsfonts.sty
Package: amsfonts 2013/01/14 v3.01 Basic AMSFonts support
\symAMSa=\mathgroup5
\symAMSb=\mathgroup6
LaTeX Font Info:    Redeclaring math symbol \hbar on input line 98.
LaTeX Font Info:    Overwriting math alphabet `\mathfrak' in version `bold'
(Font)                  U/euf/m/n --> U/euf/b/n on input line 106.
)) (c:/texlive/2026/texmf-dist/tex/latex/psnfss/times.sty
Package: times 2020/03/25 PSNFSS-v9.3 (SPQR) 
) (c:/texlive/2026/texmf-dist/tex/latex/tools/array.sty
Package: array 2026/02/24 v2.7b Tabular extension package (FMi)
\col@sep=\dimen171
\ar@mcellbox=\box57
\extrarowheight=\dimen172
\NC@list=\toks36
\extratabsurround=\skip57
\backup@length=\skip58
\ar@cellbox=\box58
) (c:/texlive/2026/texmf-dist/tex/latex/enumitem/enumitem.sty
Package: enumitem 2025/02/06 v3.11 Customized lists
\labelindent=\skip59
\enit@outerparindent=\dimen173
\enit@toks=\toks37
\enit@inbox=\box59
\enit@count@id=\count300
\enitdp@description=\count301
) (c:/texlive/2026/texmf-dist/tex/latex/subfiles/subfiles.sty
Package: subfiles 2020/11/14 v2.2 Multi-file projects (package)
 (c:/texlive/2026/texmf-dist/tex/latex/import/import.sty
Package: import 2020/04/01  v 6.2
)) (c:/texlive/2026/texmf-dist/tex/latex/titlesec/titlesec.sty
Package: titlesec 2025/01/04 v2.17 Sectioning titles
\ttl@box=\box60
\beforetitleunit=\skip60
\aftertitleunit=\skip61
\ttl@plus=\dimen174
\ttl@minus=\dimen175
\ttl@toksa=\toks38
\titlewidth=\dimen176
\titlewidthlast=\dimen177
\titlewidthfirst=\dimen178
) (c:/texlive/2026/texmf-dist/tex/latex/titlesec/titletoc.sty
Package: titletoc 2025/01/04 v2.17 TOC entries
\ttl@leftsep=\dimen179
) (c:/texlive/2026/texmf-dist/tex/latex/chngcntr/chngcntr.sty
Package: chngcntr 2018/04/09 v1.1a change counter resetting
Package chngcntr Info: \counterwithout already defined.
(chngcntr)             Quitting chngcntr on input line 21.
) (c:/texlive/2026/texmf-dist/tex/latex/pdflscape/pdflscape.sty
Package: pdflscape 2025-06-23 v0.14 Display of landscape pages in PDF
 (c:/texlive/2026/texmf-dist/tex/latex/pdflscape/pdflscape-nometadata.sty
Package: pdflscape-nometadata 2025-06-23 v0.14 Display of landscape pages in PDF (HO)
 (c:/texlive/2026/texmf-dist/tex/latex/graphics/lscape.sty
Package: lscape 2020/05/28 v3.02 Landscape Pages (DPC)
)
Package pdflscape Info: Auto-detected driver: pdftex on input line 81.
)) (c:/texlive/2026/texmf-dist/tex/latex/tools/afterpage.sty
Package: afterpage 2023/07/04 v1.08 After-Page Package (DPC)
\AP@output=\toks39
\AP@partial=\box61
\AP@footins=\box62
) (c:/texlive/2026/texmf-dist/tex/latex/algorithm2e/algorithm2e.sty
Package: algorithm2e 2017/07/18 v5.2 algorithms environments
\c@AlgoLine=\count302
\algocf@hangindent=\skip62
 (c:/texlive/2026/texmf-dist/tex/latex/ifoddpage/ifoddpage.sty
Package: ifoddpage 2022/10/18 v1.2 Conditionals for odd/even page detection
\c@checkoddpage=\count303
) (c:/texlive/2026/texmf-dist/tex/latex/tools/xspace.sty
Package: xspace 2014/10/28 v1.13 Space after command names (DPC,MH)
) (c:/texlive/2026/texmf-dist/tex/latex/relsize/relsize.sty
Package: relsize 2013/03/29 ver 4.1
)
\skiptotal=\skip63
\skiplinenumber=\skip64
\skiprule=\skip65
\skiphlne=\skip66
\skiptext=\skip67
\skiplength=\skip68
\algomargin=\skip69
\skipalgocfslide=\skip70
\algowidth=\dimen180
\inoutsize=\dimen181
\inoutindent=\dimen182
\interspacetitleruled=\dimen183
\interspacealgoruled=\dimen184
\interspacetitleboxruled=\dimen185
\algocf@ruledwidth=\skip71
\algocf@inoutbox=\box63
\algocf@inputbox=\box64
\AlCapSkip=\skip72
\AlCapHSkip=\skip73
\algoskipindent=\skip74
\algocf@nlbox=\box65
\algocf@hangingbox=\box66
\algocf@untilbox=\box67
\algocf@skipuntil=\skip75
\algocf@capbox=\box68
\algocf@lcaptionbox=\skip76
\algoheightruledefault=\skip77
\algoheightrule=\skip78
\algotitleheightruledefault=\skip79
\algotitleheightrule=\skip80
\c@algocfline=\count304
\c@algocfproc=\count305
\c@algocf=\count306
\algocf@algoframe=\box69
\algocf@algobox=\box70
) (c:/texlive/2026/texmf-dist/tex/latex/capt-of/capt-of.sty
Package: capt-of 2009/12/29 v0.2 standard captions outside of floats
) (c:/texlive/2026/texmf-dist/tex/latex/multirow/multirow.sty
Package: multirow 2024/11/12 v2.9 Span multiple rows of a table
\multirow@colwidth=\skip81
\multirow@cntb=\count307
\multirow@dima=\skip82
\bigstrutjot=\dimen186
) (c:/texlive/2026/texmf-dist/tex/latex/fancyhdr/fancyhdr.sty
Package: fancyhdr 2025/02/07 v5.2 Extensive control of page headers and footers
\f@nch@headwidth=\skip83
\f@nch@offset@elh=\skip84
\f@nch@offset@erh=\skip85
\f@nch@offset@olh=\skip86
\f@nch@offset@orh=\skip87
\f@nch@offset@elf=\skip88
\f@nch@offset@erf=\skip89
\f@nch@offset@olf=\skip90
\f@nch@offset@orf=\skip91
\f@nch@height=\skip92
\f@nch@footalignment=\skip93
\f@nch@widthL=\skip94
\f@nch@widthC=\skip95
\f@nch@widthR=\skip96
\@temptokenb=\toks40
) (c:/texlive/2026/texmf-dist/tex/latex/appendix/appendix.sty
Package: appendix 2020/02/08 v1.2c extra appendix facilities
\c@@pps=\count308
\c@@ppsavesec=\count309
\c@@ppsaveapp=\count310
) (c:/texlive/2026/texmf-dist/tex/latex/caption/caption.sty
Package: caption 2023/08/05 v3.6o Customizing captions (AR)
 (c:/texlive/2026/texmf-dist/tex/latex/caption/caption3.sty
Package: caption3 2023/07/31 v2.4d caption3 kernel (AR)
\caption@tempdima=\dimen187
\captionmargin=\dimen188
\caption@leftmargin=\dimen189
\caption@rightmargin=\dimen190
\caption@width=\dimen191
\caption@indent=\dimen192
\caption@parindent=\dimen193
\caption@hangindent=\dimen194
Package caption Info: Standard document class detected.
)
\c@caption@flags=\count311
\c@continuedfloat=\count312
Package caption Info: scrextend package is loaded.
\caption@addmargin@hsize=\dimen195
\caption@addmargin@linewidth=\dimen196
) (c:/texlive/2026/texmf-dist/tex/latex/listings/listings.sty
\lst@mode=\count313
\lst@gtempboxa=\box71
\lst@token=\toks41
\lst@length=\count314
\lst@currlwidth=\dimen197
\lst@column=\count315
\lst@pos=\count316
\lst@lostspace=\dimen198
\lst@width=\dimen199
\lst@newlines=\count317
\lst@lineno=\count318
\lst@maxwidth=\dimen256
 (c:/texlive/2026/texmf-dist/tex/latex/listings/lstpatch.sty
File: lstpatch.sty 2025/11/14 1.11b (Carsten Heinz)
) (c:/texlive/2026/texmf-dist/tex/latex/listings/lstmisc.sty
File: lstmisc.sty 2025/11/14 1.11b (Carsten Heinz)
\c@lstnumber=\count319
\lst@skipnumbers=\count320
\lst@framebox=\box72
) (c:/texlive/2026/texmf-dist/tex/latex/listings/listings.cfg
File: listings.cfg 2025/11/14 1.11b listings configuration
))
Package: listings 2025/11/14 1.11b (Carsten Heinz)
 (c:/texlive/2026/texmf-dist/tex/latex/float/float.sty
Package: float 2001/11/08 v1.3d Float enhancements (AL)
\c@float@type=\count321
\float@exts=\toks42
\float@box=\box73
\@float@everytoks=\toks43
\@floatcapt=\box74
) (c:/texlive/2026/texmf-dist/tex/latex/caption/subcaption.sty
Package: subcaption 2023/07/28 v1.6b Sub-captions (AR)
Package caption Info: New subtype `subfigure' on input line 238.
\c@subfigure=\count322
Package caption Info: New subtype `subtable' on input line 238.
\c@subtable=\count323
) (c:/texlive/2026/texmf-dist/tex/latex/xurl/xurl.sty
Package: xurl 2022/01/09 v 0.10 modify URL breaks
 (c:/texlive/2026/texmf-dist/tex/latex/url/url.sty
\Urlmuskip=\muskip18
Package: url 2013/09/16  ver 3.4  Verb mode for urls, etc.
)) (c:/texlive/2026/texmf-dist/tex/latex/glossaries/base/glossaries.sty
Package: glossaries 2026/04/21 v5.1 (NLCT)
 (c:/texlive/2026/texmf-dist/tex/latex/xkeyval/xkeyval.sty
Package: xkeyval 2025/11/04 v2.10 package option processing (HA)
 (c:/texlive/2026/texmf-dist/tex/generic/xkeyval/xkeyval.tex (c:/texlive/2026/texmf-dist/tex/generic/xkeyval/xkvutils.tex
\XKV@toks=\toks44
\XKV@tempa@toks=\toks45
\XKV@tempb@toks=\toks46
)
\XKV@depth=\count324
File: xkeyval.tex 2014/12/03 v2.7a key=value parser (HA)
)) (c:/texlive/2026/texmf-dist/tex/latex/mfirstuc/mfirstuc.sty
Package: mfirstuc 2025/04/03 v2.09 (NLCT)
 (c:/texlive/2026/texmf-dist/tex/latex/etoolbox/etoolbox.sty
Package: etoolbox 2025/10/02 v2.5m e-TeX tools for LaTeX (JAW)
\etb@tempcnta=\count325
)
\@glsmfirst=\toks47
\@glsmrest=\toks48
) (c:/texlive/2026/texmf-dist/tex/latex/xfor/xfor.sty
Package: xfor 2009/02/05 v1.05 (NLCT)
) (c:/texlive/2026/texmf-dist/tex/latex/datatool/datatool-base.sty
Package: datatool-base 2025/12/04 v3.4.3 (NLCT)
 (c:/texlive/2026/texmf-dist/tex/latex/tracklang/tracklang.sty
Package: tracklang 2026/05/24 v1.6.8 (NLCT) Track Languages
 (c:/texlive/2026/texmf-dist/tex/generic/tracklang/tracklang.tex))
\l__datatool_tmpa_int=\count326
\l__datatool_tmpb_int=\count327
\l__datatool_tmpc_int=\count328
\l__datatool_tmpd_int=\count329
\l__datatool_count_int=\count330
\l__datatool_tmp_datatype_int=\count331
\l__datatool_tmpa_dim=\dimen257
\l__datatool_tmpb_dim=\dimen258
 (c:/texlive/2026/texmf-dist/tex/latex/datatool/datatool-l3fp.def
File: datatool-l3fp.def 2025/12/04 v3.4.3 (NLCT)
)
\@dtl@toks=\toks49
\@dtl@tmpcount=\count332
\dtl@tmplength=\skip97
\l__datatool_measure_box=\box75
\dtl@sortresult=\count333
 (c:/texlive/2026/texmf-dist/tex/latex/datatool/datatool-utf8.ldf
File: datatool-utf8.ldf 2025/12/04 v3.4.3 (NLCT)
)
\@dtl@datatype=\count334
\c_datatool_unknown_int=\count335
\l__datatool_year_int=\count336
\l__datatool_month_int=\count337
\l__datatool_day_int=\count338
\l__datatool_hour_int=\count339
\l__datatool_minute_int=\count340
\l__datatool_second_int=\count341
\l__datatool_tzhour_int=\count342
\l__datatool_tzminute_int=\count343
\l__datatool_julian_int=\count344
\l__datatool_local_julian_int=\count345
\l__datatool_prefix_int=\count346
\l__datatool_suffix_int=\count347
\@dtl@foreach@level=\count348
\dtl@codeA=\count349
\dtl@codeB=\count350
)
\gls@level=\count351
\@gls@tmpb=\toks50
\gls@tmplen=\skip98
\l__glossaries_tmpa_dim=\dimen259
\l__glossaries_tmpb_dim=\dimen260
\glskeylisttok=\toks51
\glslabeltok=\toks52
\glsshorttok=\toks53
\glslongtok=\toks54
 (c:/texlive/2026/texmf-dist/tex/latex/glossaries/styles/glossary-hypernav.sty
Package: glossary-hypernav 2026/04/21 v5.1 (NLCT)
) (c:/texlive/2026/texmf-dist/tex/latex/glossaries/styles/glossary-list.sty
Package: glossary-list 2026/04/21 v5.1 (NLCT)
\glslistdottedwidth=\skip99
) (c:/texlive/2026/texmf-dist/tex/latex/glossaries/styles/glossary-long.sty
Package: glossary-long 2026/04/21 v5.1 (NLCT)
 (c:/texlive/2026/texmf-dist/tex/latex/tools/longtable.sty
Package: longtable 2026-01-28 v4.27 Multi-page Table package (DPC)
\LTleft=\skip100
\LTright=\skip101
\LTpre=\skip102
\LTpost=\skip103
\LTchunksize=\count352
\LTcapwidth=\dimen261
\LT@head=\box76
\LT@firsthead=\box77
\LT@foot=\box78
\LT@lastfoot=\box79
\LT@gbox=\box80
\LT@cols=\count353
\LT@rows=\count354
\c@LT@tables=\count355
\c@LT@chunks=\count356
\LT@p@ftn=\toks55
)
\glsdescwidth=\skip104
\glspagelistwidth=\skip105
) (c:/texlive/2026/texmf-dist/tex/latex/glossaries/styles/glossary-super.sty
Package: glossary-super 2026/04/21 v5.1 (NLCT)
 (c:/texlive/2026/texmf-dist/tex/latex/supertabular/supertabular.sty
Package: supertabular 2025/06/26 v4.2d the supertabular environment
\c@tracingst=\count357
\ST@wd=\dimen262
\ST@rightskip=\skip106
\ST@leftskip=\skip107
\ST@parfillskip=\skip108
\ST@pageleft=\dimen263
\ST@headht=\dimen264
\ST@tailht=\dimen265
\ST@pagesofar=\dimen266
\ST@pboxht=\dimen267
\ST@rowht=\dimen268
\ST@prevht=\dimen269
\ST@toadd=\dimen270
\ST@dimen=\dimen271
\ST@pbox=\box81
)) (c:/texlive/2026/texmf-dist/tex/latex/glossaries/styles/glossary-tree.sty
Package: glossary-tree 2026/04/21 v5.1 (NLCT)
\l__glossaries_tree_max_known_level_int=\count358
\l__glossaries_tree_offset_dim=\dimen272
\l__glossaries_tree_namewidth_dim=\dimen273
\l__glossaries_tree_symbolwidth_dim=\dimen274
\l__glossaries_tree_prenamesym_width_dim=\dimen275
\l__glossaries_tree_presubnamesym_width_dim=\dimen276
\l__glossaries_tree_namewidth_padding_dim=\dimen277
\l__glossaries_tree_symbolwidth_padding_dim=\dimen278
\l__glossaries_tree_namesymbolwidth_dim=\dimen279
\l__glossaries_tree_namesymbolwidth_padding_dim=\dimen280
\l__glossaries_tree_level_int=\count359
\glstreeindent=\skip109
)) (c:/texlive/2026/texmf-dist/tex/latex/glossaries/styles/glossary-superragged.sty
Package: glossary-superragged 2026/04/21 v5.1 (NLCT)
) (c:/texlive/2026/texmf-dist/tex/latex/setspace/setspace.sty
Package: setspace 2022/12/04 v6.7b set line spacing
) (c:/texlive/2026/texmf-dist/tex/latex/parskip/parskip.sty
Package: parskip 2021-03-14 v2.0h non-zero parskip adjustments
 (c:/texlive/2026/texmf-dist/tex/latex/kvoptions/kvoptions.sty
Package: kvoptions 2022-06-15 v3.15 Key value format for package options (HO)
 (c:/texlive/2026/texmf-dist/tex/generic/ltxcmds/ltxcmds.sty
Package: ltxcmds 2023-12-04 v1.26 LaTeX kernel commands for general use (HO)
) (c:/texlive/2026/texmf-dist/tex/latex/kvsetkeys/kvsetkeys.sty
Package: kvsetkeys 2022-10-05 v1.19 Key value parser (HO)
))) (c:/texlive/2026/texmf-dist/tex/latex/koma-script/tocbasic.sty
Package: tocbasic 2026/02/02 v3.49.2 KOMA-Script package (handling toc-files)
\scr@dte@tocline@numberwidth=\skip110
\scr@dte@tocline@numbox=\box82
) (c:/texlive/2026/texmf-dist/tex/latex/blindtext/blindtext.sty
Package: blindtext 2012/01/06 V2.0 blindtext-Package
\c@blindtext=\count360
\c@Blindtext=\count361
\c@blind@countparstart=\count362
\blind@countxx=\count363
\blindtext@numBlindtext=\count364
\blind@countyy=\count365
\c@blindlist=\count366
\c@blindlistlevel=\count367
\c@blindlist@level=\count368
\blind@listitem=\count369
\c@blind@listcount=\count370
\c@blind@levelcount=\count371
\blind@mathformula=\count372
\blind@Mathformula=\count373
\c@blind@randomcount=\count374
\c@blind@randommax=\count375
\c@blind@pangramcount=\count376
\c@blind@pangrammax=\count377
)

LaTeX Warning: \include should only be used after \begin{document} on input line 61.

(./lstlisting.tex (c:/texlive/2026/texmf-dist/tex/latex/xcolor/xcolor.sty
Package: xcolor 2024/09/29 v3.02 LaTeX color extensions (UK)
 (c:/texlive/2026/texmf-dist/tex/latex/graphics-cfg/color.cfg
File: color.cfg 2016/01/02 v1.6 sample color configuration
)
Package xcolor Info: Driver file: pdftex.def on input line 274.
 (c:/texlive/2026/texmf-dist/tex/latex/graphics/mathcolor.ltx)
Package xcolor Info: Model `cmy' substituted by `cmy0' on input line 1349.
Package xcolor Info: Model `hsb' substituted by `rgb' on input line 1353.
Package xcolor Info: Model `RGB' extended on input line 1365.
Package xcolor Info: Model `HTML' substituted by `rgb' on input line 1367.
Package xcolor Info: Model `Hsb' substituted by `hsb' on input line 1368.
Package xcolor Info: Model `tHsb' substituted by `hsb' on input line 1369.
Package xcolor Info: Model `HSB' substituted by `hsb' on input line 1370.
Package xcolor Info: Model `Gray' substituted by `gray' on input line 1371.
Package xcolor Info: Model `wave' substituted by `hsb' on input line 1372.
)) (./Tu_viet_tat.tex) (c:/texlive/2026/texmf-dist/tex/latex/hyperref/hyperref.sty
Package: hyperref 2026-04-24 v7.01q Hypertext links for LaTeX
 (c:/texlive/2026/texmf-dist/tex/generic/kvdefinekeys/kvdefinekeys.sty
Package: kvdefinekeys 2019-12-19 v1.6 Define keys (HO)
) (c:/texlive/2026/texmf-dist/tex/generic/pdfescape/pdfescape.sty
Package: pdfescape 2019/12/09 v1.15 Implements pdfTeX's escape features (HO)
 (c:/texlive/2026/texmf-dist/tex/generic/pdftexcmds/pdftexcmds.sty
Package: pdftexcmds 2020-06-27 v0.33 Utility functions of pdfTeX for LuaTeX (HO)
 (c:/texlive/2026/texmf-dist/tex/generic/infwarerr/infwarerr.sty
Package: infwarerr 2019/12/03 v1.5 Providing info/warning/error messages (HO)
)
Package pdftexcmds Info: \pdf@primitive is available.
Package pdftexcmds Info: \pdf@ifprimitive is available.
Package pdftexcmds Info: \pdfdraftmode found.
)) (c:/texlive/2026/texmf-dist/tex/latex/hycolor/hycolor.sty
Package: hycolor 2020-01-27 v1.10 Color options for hyperref/bookmark (HO)
) (c:/texlive/2026/texmf-dist/tex/latex/hyperref/nameref.sty
Package: nameref 2026-01-29 v2.58 Cross-referencing by name of section
 (c:/texlive/2026/texmf-dist/tex/latex/refcount/refcount.sty
Package: refcount 2019/12/15 v3.6 Data extraction from label references (HO)
) (c:/texlive/2026/texmf-dist/tex/generic/gettitlestring/gettitlestring.sty
Package: gettitlestring 2019/12/15 v1.6 Cleanup title references (HO)
)
\c@section@level=\count378
) (c:/texlive/2026/texmf-dist/tex/generic/stringenc/stringenc.sty
Package: stringenc 2019/11/29 v1.12 Convert strings between diff. encodings (HO)
)
\@linkdim=\dimen281
\Hy@linkcounter=\count379
\Hy@pagecounter=\count380
 (c:/texlive/2026/texmf-dist/tex/latex/hyperref/pd1enc.def
File: pd1enc.def 2026-04-24 v7.01q Hyperref: PDFDocEncoding definition (HO)
Now handling font encoding PD1 ...
... no UTF-8 mapping file for font encoding PD1
) (c:/texlive/2026/texmf-dist/tex/generic/intcalc/intcalc.sty
Package: intcalc 2019/12/15 v1.3 Expandable calculations with integers (HO)
)
\Hy@SavedSpaceFactor=\count381
 (c:/texlive/2026/texmf-dist/tex/latex/hyperref/puenc.def
File: puenc.def 2026-04-24 v7.01q Hyperref: PDF Unicode definition (HO)
Now handling font encoding PU ...
... no UTF-8 mapping file for font encoding PU
)
Package hyperref Info: Hyper figures OFF on input line 4199.
Package hyperref Info: Link nesting OFF on input line 4204.
Package hyperref Info: Hyper index ON on input line 4207.
Package hyperref Info: Plain pages OFF on input line 4214.
Package hyperref Info: Backreferencing OFF on input line 4219.
Package hyperref Info: Implicit mode ON; LaTeX internals redefined.
Package hyperref Info: Bookmarks ON on input line 4466.
\c@Hy@tempcnt=\count382
LaTeX Info: Redefining \url on input line 4805.
\XeTeXLinkMargin=\dimen282
 (c:/texlive/2026/texmf-dist/tex/generic/bitset/bitset.sty
Package: bitset 2019/12/09 v1.3 Handle bit-vector datatype (HO)
 (c:/texlive/2026/texmf-dist/tex/generic/bigintcalc/bigintcalc.sty
Package: bigintcalc 2019/12/15 v1.5 Expandable calculations on big integers (HO)
))
\Fld@menulength=\count383
\Field@Width=\dimen283
\Fld@charsize=\dimen284
Package hyperref Info: Hyper figures OFF on input line 6091.
Package hyperref Info: Link nesting OFF on input line 6096.
Package hyperref Info: Hyper index ON on input line 6099.
Package hyperref Info: backreferencing OFF on input line 6106.
Package hyperref Info: Link coloring OFF on input line 6111.
Package hyperref Info: Link coloring with OCG OFF on input line 6116.
Package hyperref Info: PDF/A mode OFF on input line 6121.
\Hy@abspage=\count384
\c@Item=\count385
\c@Hfootnote=\count386
)
Package hyperref Info: Driver (autodetected): hpdftex.
 (c:/texlive/2026/texmf-dist/tex/latex/hyperref/hpdftex.def
File: hpdftex.def 2026-04-24 v7.01q Hyperref driver for pdfTeX
\Fld@listcount=\count387
\c@bookmark@seq@number=\count388
 (c:/texlive/2026/texmf-dist/tex/latex/rerunfilecheck/rerunfilecheck.sty
Package: rerunfilecheck 2025-06-21 v1.11 Rerun checks for auxiliary files (HO)
 (c:/texlive/2026/texmf-dist/tex/generic/uniquecounter/uniquecounter.sty
Package: uniquecounter 2019/12/15 v1.4 Provide unlimited unique counter (HO)
)
Package uniquecounter Info: New unique counter `rerunfilecheck' on input line 284.
)
\Hy@SectionHShift=\skip111
) (c:/texlive/2026/texmf-dist/tex/latex/hypcap/hypcap.sty
Package: hypcap 2024-07-26 v1.13 Adjusting the anchors of captions (HO)
 (c:/texlive/2026/texmf-dist/tex/latex/letltxmacro/letltxmacro.sty
Package: letltxmacro 2019/12/03 v1.6 Let assignment for LaTeX macros (HO)
))
\c@example=\count389
LaTeX Font Info:    Trying to load font information for T5+ptm on input line 165.
 (c:/texlive/2026/texmf-dist/tex/latex/vntex/t5ptm.fd
File: t5utm.fd 2005/08/24 Fontinst v1.929 font definitions for T5/ptm.
) (c:/texlive/2026/texmf-dist/tex/latex/l3backend/l3backend-pdftex.def
File: l3backend-pdftex.def 2026-02-18 L3 backend support: PDF output (pdfTeX)
\l__color_backend_stack_int=\count390
)

LaTeX Warning: Unused global option(s):
    [13pt,3p].

(./DoAn.aux
\g__glossaries_gls_ref_acronym_int=\count391


LaTeX Warning: Label `fig:Fig2' multiply defined.


LaTeX Warning: Label `fig:Fig2' multiply defined.


LaTeX Warning: Label `fig:Fig2' multiply defined.


LaTeX Warning: Label `fig:Fig2' multiply defined.


LaTeX Warning: Label `fig:Fig2' multiply defined.


LaTeX Warning: Label `fig:Fig2' multiply defined.


LaTeX Warning: Label `fig:Fig2' multiply defined.


LaTeX Warning: Label `fig:Fig2' multiply defined.


LaTeX Warning: Label `fig:Fig2' multiply defined.


LaTeX Warning: Label `fig:Fig2' multiply defined.


LaTeX Warning: Label `fig:Fig2' multiply defined.


LaTeX Warning: Label `fig:Fig2' multiply defined.


LaTeX Warning: Label `fig:Fig2' multiply defined.


LaTeX Warning: Label `fig:Fig2' multiply defined.


LaTeX Warning: Label `fig:Fig2' multiply defined.


LaTeX Warning: Label `fig:Fig2' multiply defined.


LaTeX Warning: Label `fig:Fig2' multiply defined.


LaTeX Warning: Label `fig:Fig2' multiply defined.


LaTeX Warning: Label `fig:Fig2' multiply defined.


LaTeX Warning: Label `fig:Fig2' multiply defined.


LaTeX Warning: Label `fig:Fig2' multiply defined.


LaTeX Warning: Label `fig:Fig2' multiply defined.


LaTeX Warning: Label `fig:Fig2' multiply defined.


LaTeX Warning: Label `fig:Fig2' multiply defined.


LaTeX Warning: Label `fig:Fig2' multiply defined.


LaTeX Warning: Label `fig:Fig2' multiply defined.


LaTeX Warning: Label `fig:Fig2' multiply defined.


LaTeX Warning: Label `fig:Fig2' multiply defined.

)
\openout1 = `DoAn.aux'.

LaTeX Font Info:    Checking defaults for OML/cmm/m/it on input line 165.
LaTeX Font Info:    ... okay on input line 165.
LaTeX Font Info:    Checking defaults for OMS/cmsy/m/n on input line 165.
LaTeX Font Info:    ... okay on input line 165.
LaTeX Font Info:    Checking defaults for OT1/cmr/m/n on input line 165.
LaTeX Font Info:    ... okay on input line 165.
LaTeX Font Info:    Checking defaults for T1/cmr/m/n on input line 165.
LaTeX Font Info:    ... okay on input line 165.
LaTeX Font Info:    Checking defaults for TS1/cmr/m/n on input line 165.
LaTeX Font Info:    ... okay on input line 165.
LaTeX Font Info:    Checking defaults for OMX/cmex/m/n on input line 165.
LaTeX Font Info:    ... okay on input line 165.
LaTeX Font Info:    Checking defaults for U/cmr/m/n on input line 165.
LaTeX Font Info:    ... okay on input line 165.
LaTeX Font Info:    Checking defaults for T5/cmr/m/n on input line 165.
LaTeX Font Info:    ... okay on input line 165.
LaTeX Font Info:    Checking defaults for PD1/pdf/m/n on input line 165.
LaTeX Font Info:    ... okay on input line 165.
LaTeX Font Info:    Checking defaults for PU/pdf/m/n on input line 165.
LaTeX Font Info:    ... okay on input line 165.

*geometry* driver: auto-detecting
*geometry* detected driver: pdftex
*geometry* verbose mode - [ preamble ] result:
* driver: pdftex
* paper: a4paper
* layout: <same size as paper>
* layoutoffset:(h,v)=(0.0pt,0.0pt)
* modes: twoside 
* h-part:(L,W,R)=(99.58464pt, 426.79135pt, 71.13188pt)
* v-part:(T,H,B)=(56.9055pt, 731.23584pt, 56.9055pt)
* \paperwidth=597.50787pt
* \paperheight=845.04684pt
* \textwidth=426.79135pt
* \textheight=731.23584pt
* \oddsidemargin=27.31465pt
* \evensidemargin=-1.1381pt
* \topmargin=-52.36449pt
* \headheight=35.0pt
* \headsep=25.0pt
* \topskip=10.0pt
* \footskip=30.0pt
* \marginparwidth=111.0pt
* \marginparsep=11.0pt
* \columnsep=10.0pt
* \skip\footins=11.69997pt plus 5.19942pt minus 2.60054pt
* \hoffset=0.0pt
* \voffset=0.0pt
* \mag=1000
* \@twocolumnfalse
* \@twosidetrue
* \@mparswitchtrue
* \@reversemarginfalse
* (1in=72.27pt=25.4mm, 1cm=28.453pt)

(c:/texlive/2026/texmf-dist/tex/context/base/mkii/supp-pdf.mkii
[Loading MPS to PDF converter (version 2006.09.02).]
\scratchcounter=\count392
\scratchdimen=\dimen285
\scratchbox=\box83
\nofMPsegments=\count393
\nofMParguments=\count394
\everyMPshowfont=\toks56
\MPscratchCnt=\count395
\MPscratchDim=\dimen286
\MPnumerator=\count396
\makeMPintoPDFobject=\count397
\everyMPtoPDFconversion=\toks57
) (c:/texlive/2026/texmf-dist/tex/latex/epstopdf-pkg/epstopdf-base.sty
Package: epstopdf-base 2020-01-24 v2.11 Base part for package epstopdf
 (c:/texlive/2026/texmf-dist/tex/latex/grfext/grfext.sty
Package: grfext 2019/12/03 v1.3 Manage graphics extensions (HO)
)
Package epstopdf-base Info: Redefining graphics rule for `.eps' on input line 485.
Package grfext Info: Graphics extension search list:
(grfext)             [.pdf,.png,.jpg,.mps,.jpeg,.jbig2,.jb2,.PDF,.PNG,.JPG,.JPEG,.JBIG2,.JB2,.eps]
(grfext)             \AppendGraphicsExtensions on input line 504.
 (c:/texlive/2026/texmf-dist/tex/latex/latexconfig/epstopdf-sys.cfg
File: epstopdf-sys.cfg 2010/07/13 v1.3 Configuration of (r)epstopdf for TeX Live
))
Package caption Info: Begin \AtBeginDocument code.
Package caption Info: float package is loaded.
Package caption Info: hyperref package is loaded.
Package caption Info: hypcap package is loaded.
Package caption Info: listings package is loaded.
Package caption Info: longtable package is loaded.
 (c:/texlive/2026/texmf-dist/tex/latex/caption/ltcaption.sty
Package: ltcaption 2021/01/08 v1.4c longtable captions (AR)
)
Package caption Info: supertabular package is loaded.
Package caption Info: End \AtBeginDocument code.
\c@lstlisting=\count398
Package tocbasic Info: omitting babel extension for `lol'
(tocbasic)             because of missing \bbl@set@language on input line 165.
Package hyperref Info: Link coloring OFF on input line 165.
 (./DoAn.out) (./DoAn.out)
\@outlinefile=\write4
\openout4 = `DoAn.out'.

 (./Bia.tex
LaTeX Font Info:    Calculating math sizes for size <13> on input line 34.


LaTeX Font Warning: Font shape `OT1/cmr/m/n' in size <6.5> not available
(Font)              size <6> substituted on input line 34.


LaTeX Font Warning: Font shape `OML/cmm/m/it' in size <13> not available
(Font)              size <12> substituted on input line 34.


LaTeX Font Warning: Font shape `OML/cmm/m/it' in size <6.5> not available
(Font)              size <6> substituted on input line 34.


LaTeX Font Warning: Font shape `OMS/cmsy/m/n' in size <13> not available
(Font)              size <12> substituted on input line 34.


LaTeX Font Warning: Font shape `OMS/cmsy/m/n' in size <6.5> not available
(Font)              size <6> substituted on input line 34.

LaTeX Font Info:    Trying to load font information for U+lasy on input line 34.
(c:/texlive/2026/texmf-dist/tex/latex/base/ulasy.fd
File: ulasy.fd 1998/08/17 v2.2e LaTeX symbol font definitions
)

LaTeX Font Warning: Font shape `U/lasy/m/n' in size <13> not available
(Font)              size <12> substituted on input line 34.


LaTeX Font Warning: Font shape `U/lasy/m/n' in size <6.5> not available
(Font)              size <6> substituted on input line 34.

LaTeX Font Info:    Trying to load font information for U+msa on input line 34.
(c:/texlive/2026/texmf-dist/tex/latex/amsfonts/umsa.fd
File: umsa.fd 2013/01/14 v3.01 AMS symbols A
)
LaTeX Font Info:    Trying to load font information for U+msb on input line 34.
 (c:/texlive/2026/texmf-dist/tex/latex/amsfonts/umsb.fd
File: umsb.fd 2013/01/14 v3.01 AMS symbols B
) [1

{c:/texlive/2026/texmf-var/fonts/map/pdftex/updmap/pdftex.map}{c:/texlive/2026/texmf-dist/fonts/enc/dvips/vntex/t5.enc}]) (./Bia_lot.tex
pdfTeX warning (ext4): destination with the same identifier (name{page.1}) has been already used, duplicate ignored
<to be read again> 
                   \relax 
l.41 \end{titlepage}
                     [1]) (./Chuong/0_2_Loi_cam_on.tex) [1] (./Chuong/0_3_Tom_tat_noi_dung.tex)
pdfTeX warning (ext4): destination with the same identifier (name{page.}) has been already used, duplicate ignored
<to be read again> 
                   \relax 
l.191 \newpage
               [1] (./DoAn.toc
Underfull \vbox (badness 10000) has occurred while \output is active []

 [1

]
Underfull \vbox (badness 10000) has occurred while \output is active []

 [2])
\tf@toc=\write5
\openout5 = `DoAn.toc'.

 [3] [4


] (./DoAn.lof [5

])
\tf@lof=\write6
\openout6 = `DoAn.lof'.

 [6] (./DoAn.lot)
\tf@lot=\write7
\openout7 = `DoAn.lot'.



Package glossaries Warning: Empty glossary for \printnoidxglossary[type={main}]. Rerun may be required (or you may have forgotten to use commands like \gls) on input line 247.


Package glossaries Info: Preparing to sort glossary `acronym' (total number of
(glossaries)             referenced entries: 15)

[7

] [8


] [9]
Ch\uhorn \ohorn ng 1.
(./Chuong/1_Gioi_thieu.tex
Underfull \vbox (badness 10000) has occurred while \output is active []


pdfTeX warning (ext4): destination with the same identifier (name{page.1}) has been already used, duplicate ignored
<to be read again> 
                   \relax 
l.19 
      [1

]
Underfull \vbox (badness 10000) has occurred while \output is active []

 [2]
Underfull \vbox (badness 10000) has occurred while \output is active []

 [3]) [4]
Ch\uhorn \ohorn ng 2.
(./Chuong/2_Khao_sat.tex
Underfull \vbox (badness 10000) has occurred while \output is active []

 [5

]
<Hinhve/Bieu do Use Case tong quan.jpg, id=648, 1024.82875pt x 758.835pt>
File: Hinhve/Bieu do Use Case tong quan.jpg Graphic file (type jpg)
<use Hinhve/Bieu do Use Case tong quan.jpg>
Package pdftex.def Info: Hinhve/Bieu do Use Case tong quan.jpg  used on input line 28.
(pdftex.def)             Requested size: 426.79135pt x 316.01065pt.
 [6 <./Hinhve/Bieu do Use Case tong quan.jpg>]
<Hinhve/Bieu do use case phan ra Quan ly tai khoan.jpg, id=654, 948.54375pt x 615.29875pt>
File: Hinhve/Bieu do use case phan ra Quan ly tai khoan.jpg Graphic file (type jpg)
<use Hinhve/Bieu do use case phan ra Quan ly tai khoan.jpg>
Package pdftex.def Info: Hinhve/Bieu do use case phan ra Quan ly tai khoan.jpg  used on input line 84.
(pdftex.def)             Requested size: 426.79135pt x 276.84431pt.

Underfull \vbox (badness 10000) has occurred while \output is active []

 [7]
<Hinhve/Bieu do Use Case phan ra Quan ly thong tin hoc vien.jpg, id=659, 948.54375pt x 355.3275pt>
File: Hinhve/Bieu do Use Case phan ra Quan ly thong tin hoc vien.jpg Graphic file (type jpg)
<use Hinhve/Bieu do Use Case phan ra Quan ly thong tin hoc vien.jpg>
Package pdftex.def Info: Hinhve/Bieu do Use Case phan ra Quan ly thong tin hoc vien.jpg  used on input line 97.
(pdftex.def)             Requested size: 426.79135pt x 159.87419pt.

Underfull \vbox (badness 10000) has occurred while \output is active []

 [8 <./Hinhve/Bieu do use case phan ra Quan ly tai khoan.jpg>]
<Hinhve/Bieu do Use Case phan ra Quan ly thong tin hoc tap.jpg, id=664, 999.735pt x 367.3725pt>
File: Hinhve/Bieu do Use Case phan ra Quan ly thong tin hoc tap.jpg Graphic file (type jpg)
<use Hinhve/Bieu do Use Case phan ra Quan ly thong tin hoc tap.jpg>
Package pdftex.def Info: Hinhve/Bieu do Use Case phan ra Quan ly thong tin hoc tap.jpg  used on input line 110.
(pdftex.def)             Requested size: 426.79135pt x 156.83475pt.
 [9 <./Hinhve/Bieu do Use Case phan ra Quan ly thong tin hoc vien.jpg> <./Hinhve/Bieu do Use Case phan ra Quan ly thong tin hoc tap.jpg>]
<Hinhve/Nghiep vu de xuat va cap nhat ket qua hoc tap.jpg, id=669, 1704.3675pt x 2569.6pt>
File: Hinhve/Nghiep vu de xuat va cap nhat ket qua hoc tap.jpg Graphic file (type jpg)
<use Hinhve/Nghiep vu de xuat va cap nhat ket qua hoc tap.jpg>
Package pdftex.def Info: Hinhve/Nghiep vu de xuat va cap nhat ket qua hoc tap.jpg  used on input line 129.
(pdftex.def)             Requested size: 426.79135pt x 643.45708pt.

Underfull \vbox (badness 10000) has occurred while \output is active []

 [10] [11 <./Hinhve/Nghiep vu de xuat va cap nhat ket qua hoc tap.jpg>]
<Hinhve/Nghiep vu cat com tu dong.jpg, id=678, 1832.8475pt x 2569.6pt>
File: Hinhve/Nghiep vu cat com tu dong.jpg Graphic file (type jpg)
<use Hinhve/Nghiep vu cat com tu dong.jpg>
Package pdftex.def Info: Hinhve/Nghiep vu cat com tu dong.jpg  used on input line 144.
(pdftex.def)             Requested size: 426.79135pt x 598.32764pt.

Underfull \vbox (badness 10000) has occurred while \output is active []

 [12]
Underfull \vbox (badness 3769) has occurred while \output is active []

 [13 <./Hinhve/Nghiep vu cat com tu dong.jpg>]
<Hinhve/Nghiep vu quan ly ho so va cap phat tai khoan tu dong.jpg, id=688, 2107.875pt x 2569.6pt>
File: Hinhve/Nghiep vu quan ly ho so va cap phat tai khoan tu dong.jpg Graphic file (type jpg)
<use Hinhve/Nghiep vu quan ly ho so va cap phat tai khoan tu dong.jpg>
Package pdftex.def Info: Hinhve/Nghiep vu quan ly ho so va cap phat tai khoan tu dong.jpg  used on input line 158.
(pdftex.def)             Requested size: 426.79135pt x 520.26274pt.

Underfull \vbox (badness 1057) has occurred while \output is active []

 [14 <./Hinhve/Nghiep vu quan ly ho so va cap phat tai khoan tu dong.jpg>]
<Hinhve/Nghiep vu quan ly va dong hoc phi.jpg, id=693, 1516.66624pt x 2569.6pt>
File: Hinhve/Nghiep vu quan ly va dong hoc phi.jpg Graphic file (type jpg)
<use Hinhve/Nghiep vu quan ly va dong hoc phi.jpg>
Package pdftex.def Info: Hinhve/Nghiep vu quan ly va dong hoc phi.jpg  used on input line 172.
(pdftex.def)             Requested size: 426.79135pt x 723.09033pt.

Underfull \vbox (badness 10000) has occurred while \output is active []

 [15]
Overfull \vbox (16.08952pt too high) has occurred while \output is active []

 [16 <./Hinhve/Nghiep vu quan ly va dong hoc phi.jpg>]
LaTeX Font Info:    Calculating math sizes for size <11.86258> on input line 195.
LaTeX Font Info:    Trying to load font information for T5+pcr on input line 207.
 (c:/texlive/2026/texmf-dist/tex/latex/vntex/t5pcr.fd
File: t5ucr.fd 2005/08/24 Fontinst v1.929 font definitions for T5/pcr.
)
Overfull \hbox (6.78894pt too wide) in paragraph at lines 195--215
 [][] 
 []


Overfull \hbox (6.78894pt too wide) in paragraph at lines 227--247
 [][] 
 []


Underfull \vbox (badness 10000) has occurred while \output is active []

 [17]
Overfull \hbox (6.78894pt too wide) in paragraph at lines 259--279
 [][] 
 []


Underfull \vbox (badness 10000) has occurred while \output is active []

 [18]
Overfull \hbox (6.78894pt too wide) in paragraph at lines 293--312
 [][] 
 []


Underfull \vbox (badness 10000) has occurred while \output is active []

 [19]
Underfull \hbox (badness 10000) in paragraph at lines 337--337
[]|\T5/ptm/m/n/11.86258 Tü ^^_ëng gĺi \T5/pcr/m/n/11.86258 CutRi-ce-Ser-vice \T5/ptm/m/n/11.86258 ^^_çng bë
 []


Underfull \hbox (badness 1769) in paragraph at lines 337--337
\T5/ptm/m/n/11.86258 sinh lŕch c­t cěm tu¦n v o bŁng \T5/pcr/m/n/11.86258 cut_rice
 []


Overfull \hbox (6.78894pt too wide) in paragraph at lines 325--343
 [][] 
 []


Underfull \vbox (badness 10000) has occurred while \output is active []

 [20]
Overfull \hbox (31.29388pt too wide) in paragraph at lines 355--376
 [][] 
 []


Underfull \vbox (badness 10000) has occurred while \output is active []

 [21]
Overfull \hbox (6.78894pt too wide) in paragraph at lines 387--405
 [][] 
 []


Underfull \vbox (badness 10000) has occurred while \output is active []

 [22] [23]
Underfull \vbox (badness 10000) has occurred while \output is active []

 [24]) [25]
Ch\uhorn \ohorn ng 3.
(./Chuong/3_Cong_nghe.tex
Underfull \vbox (badness 10000) has occurred while \output is active []

 [26

]
Underfull \vbox (badness 10000) has occurred while \output is active []

 [27]) [28]
Ch\uhorn \ohorn ng 4.
(./Chuong/4_Ket_qua_thuc_nghiem.tex
LaTeX Font Info:    Trying to load font information for TS1+ptm on input line 10.
 (c:/texlive/2026/texmf-dist/tex/latex/psnfss/ts1ptm.fd
File: ts1ptm.fd 2001/06/04 font definitions for TS1/ptm.
)
Overfull \hbox (44.00479pt too wide) in paragraph at lines 12--13
\T5/pcr/m/n/13 user.controller\T5/ptm/m/n/13 , \T5/pcr/m/n/13 gradeRequest.controller\T5/ptm/m/n/13 , \T5/pcr/m/n/13 cutRice.controller
 []


Overfull \hbox (6.22679pt too wide) in paragraph at lines 14--15
\T5/pcr/m/n/13 dent.service\T5/ptm/m/n/13 , \T5/pcr/m/n/13 gradeRequest.service\T5/ptm/m/n/13 , \T5/pcr/m/n/13 cutRice.service\T5/ptm/m/n/13 , \T5/pcr/m/n/13 tu-
 []


Overfull \hbox (85.8778pt too wide) in paragraph at lines 16--17
\T5/pcr/m/n/13 file.model\T5/ptm/m/n/13 , \T5/pcr/m/n/13 sub-jec-tRe-sult.model\T5/ptm/m/n/13 , \T5/pcr/m/n/13 gradeRequest.model\T5/ptm/m/n/13 , \T5/pcr/m/n/13 cutRice.model\T5/ptm/m/n/13 ,
 []


Underfull \vbox (badness 10000) has occurred while \output is active []

 [29

{c:/texlive/2026/texmf-dist/fonts/enc/dvips/base/8r.enc}]
<Hinhve/Bieu do goi cho sever.jpg, id=776, 2413.015pt x 1891.065pt>
File: Hinhve/Bieu do goi cho sever.jpg Graphic file (type jpg)
<use Hinhve/Bieu do goi cho sever.jpg>
Package pdftex.def Info: Hinhve/Bieu do goi cho sever.jpg  used on input line 24.
(pdftex.def)             Requested size: 426.79135pt x 334.46169pt.
 [30 <./Hinhve/Bieu do goi cho sever.jpg>]
<Hinhve/Bieu do goi cho client.jpg, id=783, 2051.665pt x 2533.465pt>
File: Hinhve/Bieu do goi cho client.jpg Graphic file (type jpg)
<use Hinhve/Bieu do goi cho client.jpg>
Package pdftex.def Info: Hinhve/Bieu do goi cho client.jpg  used on input line 53.
(pdftex.def)             Requested size: 426.79135pt x 526.97923pt.

Underfull \vbox (badness 10000) has occurred while \output is active []

 [31] [32 <./Hinhve/Bieu do goi cho client.jpg>]
<Hinhve/Thiet ke chi tiet cac moi quan he lop trong phan he De xuat va phe duyet diem.jpg, id=797, 1931.215pt x 3260.18pt>
File: Hinhve/Thiet ke chi tiet cac moi quan he lop trong phan he De xuat va phe duyet diem.jpg Graphic file (type jpg)
<use Hinhve/Thiet ke chi tiet cac moi quan he lop trong phan he De xuat va phe duyet diem.jpg>
Package pdftex.def Info: Hinhve/Thiet ke chi tiet cac moi quan he lop trong phan he De xuat va phe duyet diem.jpg  used on input line 83.
(pdftex.def)             Requested size: 426.79135pt x 720.47534pt.

Underfull \vbox (badness 10000) has occurred while \output is active []

 [33]
Overfull \vbox (13.47453pt too high) has occurred while \output is active []

 [34 <./Hinhve/Thiet ke chi tiet cac moi quan he lop trong phan he de xuat va phe duyet diem.jpg>]
<Hinhve/Thiet ke chi tiet cac moi quan he lop trong cat com.jpg, id=807, 2569.6pt x 2053.6725pt>
File: Hinhve/Thiet ke chi tiet cac moi quan he lop trong cat com.jpg Graphic file (type jpg)
<use Hinhve/Thiet ke chi tiet cac moi quan he lop trong cat com.jpg>
Package pdftex.def Info: Hinhve/Thiet ke chi tiet cac moi quan he lop trong cat com.jpg  used on input line 90.
(pdftex.def)             Requested size: 426.79135pt x 341.09756pt.


LaTeX Warning: Reference `fig:primary_color' on page 35 undefined on input line 101.

<Hinhve/primary_color.jpg, id=808, 978.65625pt x 89.33376pt>
File: Hinhve/primary_color.jpg Graphic file (type jpg)
<use Hinhve/primary_color.jpg>
Package pdftex.def Info: Hinhve/primary_color.jpg  used on input line 111.
(pdftex.def)             Requested size: 213.39568pt x 19.479pt.

LaTeX Warning: Reference `fig:secondary_color' on page 35 undefined on input line 116.

[35 <./Hinhve/Thiet ke chi tiet cac moi quan he lop trong cat com.jpg> <./Hinhve/primary_color.jpg>]
<Hinhve/secondary_color.jpg, id=814, 978.65625pt x 89.33376pt>
File: Hinhve/secondary_color.jpg Graphic file (type jpg)
<use Hinhve/secondary_color.jpg>
Package pdftex.def Info: Hinhve/secondary_color.jpg  used on input line 126.
(pdftex.def)             Requested size: 213.39568pt x 19.479pt.


LaTeX Warning: Reference `fig:error_color' on page 36 undefined on input line 130.

<Hinhve/error_color.jpg, id=815, 978.65625pt x 74.2775pt>
File: Hinhve/error_color.jpg Graphic file (type jpg)
<use Hinhve/error_color.jpg>
Package pdftex.def Info: Hinhve/error_color.jpg  used on input line 140.
(pdftex.def)             Requested size: 213.39568pt x 16.19601pt.

LaTeX Warning: Reference `fig:ui_sans_serif' on page 36 undefined on input line 145.

<Hinhve/ui_sans_serif.jpg, id=816, 407.5225pt x 298.11375pt>
File: Hinhve/ui_sans_serif.jpg Graphic file (type jpg)
<use Hinhve/ui_sans_serif.jpg>
Package pdftex.def Info: Hinhve/ui_sans_serif.jpg  used on input line 148.
(pdftex.def)             Requested size: 298.75264pt x 218.55374pt.
[36 <./Hinhve/secondary_color.jpg> <./Hinhve/error_color.jpg> <./Hinhve/ui_sans_serif.jpg>]

LaTeX Warning: Reference `fig:button_base' on page 37 undefined on input line 157.

<Hinhve/button_base.jpg, id=823, 978.65625pt x 254.9525pt>
File: Hinhve/button_base.jpg Graphic file (type jpg)
<use Hinhve/button_base.jpg>
Package pdftex.def Info: Hinhve/button_base.jpg  used on input line 160.
(pdftex.def)             Requested size: 341.43437pt x 88.94682pt.

LaTeX Warning: Reference `fig:input_base' on page 37 undefined on input line 166.

<Hinhve/input_base.jpg, id=824, 978.65625pt x 530.98375pt>
File: Hinhve/input_base.jpg Graphic file (type jpg)
<use Hinhve/input_base.jpg>
Package pdftex.def Info: Hinhve/input_base.jpg  used on input line 169.
(pdftex.def)             Requested size: 341.43437pt x 185.24753pt.
<Hinhve/Bo cuc chung cho he thong.jpg, id=825, 2569.6pt x 1445.4pt>
File: Hinhve/Bo cuc chung cho he thong.jpg Graphic file (type jpg)
<use Hinhve/Bo cuc chung cho he thong.jpg>
Package pdftex.def Info: Hinhve/Bo cuc chung cho he thong.jpg  used on input line 176.
(pdftex.def)             Requested size: 341.43437pt x 192.05493pt.

Underfull \vbox (badness 2591) has occurred while \output is active []

 [37 <./Hinhve/button_base.jpg> <./Hinhve/input_base.jpg>]
<Hinhve/Quan ly tai khoan.jpg, id=832, 2569.6pt x 1445.4pt>
File: Hinhve/Quan ly tai khoan.jpg Graphic file (type jpg)
<use Hinhve/Quan ly tai khoan.jpg>
Package pdftex.def Info: Hinhve/Quan ly tai khoan.jpg  used on input line 183.
(pdftex.def)             Requested size: 341.43437pt x 192.05493pt.
<Hinhve/Quan ly lich hoc.jpg, id=833, 2569.6pt x 1445.4pt>
File: Hinhve/Quan ly lich hoc.jpg Graphic file (type jpg)
<use Hinhve/Quan ly lich hoc.jpg>
Package pdftex.def Info: Hinhve/Quan ly lich hoc.jpg  used on input line 190.
(pdftex.def)             Requested size: 341.43437pt x 192.05493pt.
<Hinhve/Bieu do tuan tu cap nhat lich cat com tu tkb.jpg, id=834, 2569.6pt x 1531.7225pt>
File: Hinhve/Bieu do tuan tu cap nhat lich cat com tu tkb.jpg Graphic file (type jpg)
<use Hinhve/Bieu do tuan tu cap nhat lich cat com tu tkb.jpg>
Package pdftex.def Info: Hinhve/Bieu do tuan tu cap nhat lich cat com tu tkb.jpg  used on input line 199.
(pdftex.def)             Requested size: 426.79135pt x 254.4061pt.
 [38 <./Hinhve/Bo cuc chung cho he thong.jpg> <./Hinhve/Quan ly tai khoan.jpg> <./Hinhve/Quan ly lich hoc.jpg>]
<Hinhve/Bieu do tuan tu phe duyet diem va tinh lai CPA.jpg, id=839, 2569.6pt x 1889.0575pt>
File: Hinhve/Bieu do tuan tu phe duyet diem va tinh lai CPA.jpg Graphic file (type jpg)
<use Hinhve/Bieu do tuan tu phe duyet diem va tinh lai CPA.jpg>
Package pdftex.def Info: Hinhve/Bieu do tuan tu phe duyet diem va tinh lai CPA.jpg  used on input line 207.
(pdftex.def)             Requested size: 426.79135pt x 313.75641pt.
<Hinhve/Bieu do thuc the lien ket.jpg, id=840, 2569.6pt x 1610.015pt>
File: Hinhve/Bieu do thuc the lien ket.jpg Graphic file (type jpg)
<use Hinhve/Bieu do thuc the lien ket.jpg>
Package pdftex.def Info: Hinhve/Bieu do thuc the lien ket.jpg  used on input line 217.
(pdftex.def)             Requested size: 426.79135pt x 267.40982pt.

Underfull \vbox (badness 10000) has occurred while \output is active []

 [39 <./Hinhve/Bieu do tuan tu cap nhat lich cat com tu tkb.jpg> <./Hinhve/Bieu do tuan tu phe duyet diem va tinh lai CPA.jpg>]
Overfull \hbox (9.81477pt too wide) in paragraph at lines 230--231
\T5/pcr/m/n/13 rank\T5/ptm/m/n/13 , \T5/pcr/m/n/13 po-si-tion_government\T5/ptm/m/n/13 , \T5/pcr/m/n/13 cur-rentCpa4\T5/ptm/m/n/13 , \T5/pcr/m/n/13 cur-rentCpa10\T5/ptm/m/n/13 , \T5/pcr/m/n/13 com-
 []

[40 <./Hinhve/Bieu do thuc the lien ket.jpg>]
<Hinhve/Co so du lieu.jpg, id=856, 2569.6pt x 1602.98875pt>
File: Hinhve/Co so du lieu.jpg Graphic file (type jpg)
<use Hinhve/Co so du lieu.jpg>
Package pdftex.def Info: Hinhve/Co so du lieu.jpg  used on input line 254.
(pdftex.def)             Requested size: 426.79135pt x 266.24283pt.

Underfull \hbox (badness 10000) in paragraph at lines 271--271
[]|\T5/pcr/m/n/11.86258 timestamp with
 []


Underfull \hbox (badness 10000) in paragraph at lines 279--279
[]|\T5/pcr/m/n/11.86258 timestamp with
 []


Overfull \hbox (51.19917pt too wide) in paragraph at lines 264--281
 [][] 
 []


Underfull \vbox (badness 2376) has occurred while \output is active []

 [41 <./Hinhve/Co so du lieu.jpg>]
Overfull \hbox (80.02522pt too wide) in paragraph at lines 289--308
 [][] 
 []


Overfull \hbox (65.35123pt too wide) in paragraph at lines 316--328
 [][] 
 []


Underfull \vbox (badness 10000) has occurred while \output is active []

 [42]
Underfull \hbox (badness 3965) in paragraph at lines 344--344
[]|\T5/ptm/m/n/11.86258 Tr¤ng thˇi c­t cěm chi ti¸t theo tu¦n
 []


Overfull \hbox (57.688pt too wide) in paragraph at lines 336--349
 [][] 
 []


Overfull \hbox (29.57373pt too wide) in paragraph at lines 357--369
 [][] 
 []


Underfull \hbox (badness 10000) in paragraph at lines 383--383
[]|\T5/pcr/m/n/11.86258 enum('ADD', 'UP-
 []


Underfull \hbox (badness 10000) in paragraph at lines 389--389
[]|\T5/pcr/m/n/11.86258 enum('PENDING',
 []


Underfull \hbox (badness 10000) in paragraph at lines 389--389
\T5/pcr/m/n/11.86258 'AP-PROVED', 'RE-
 []


Overfull \hbox (93.5604pt too wide) in paragraph at lines 377--394
 [][] 
 []


Underfull \vbox (badness 10000) has occurred while \output is active []

 [43]
Overfull \hbox (84.67073pt too wide) in paragraph at lines 405--417
 [][] 
 []

[44]
<Hinhve/Giao dien trang chu.jpg, id=885, 1903.11pt x 831.105pt>
File: Hinhve/Giao dien trang chu.jpg Graphic file (type jpg)
<use Hinhve/Giao dien trang chu.jpg>
Package pdftex.def Info: Hinhve/Giao dien trang chu.jpg  used on input line 444.
(pdftex.def)             Requested size: 426.79135pt x 186.38184pt.

Underfull \vbox (badness 10000) has occurred while \output is active []

 [45]
<Hinhve/Giao dien dang nhap he thong.jpg, id=890, 1927.2pt x 836.12375pt>
File: Hinhve/Giao dien dang nhap he thong.jpg Graphic file (type jpg)
<use Hinhve/Giao dien dang nhap he thong.jpg>
Package pdftex.def Info: Hinhve/Giao dien dang nhap he thong.jpg  used on input line 451.
(pdftex.def)             Requested size: 426.79135pt x 185.15982pt.
<Hinhve/Giao dien chi huy.jpg, id=891, 1892.06876pt x 835.12pt>
File: Hinhve/Giao dien chi huy.jpg Graphic file (type jpg)
<use Hinhve/Giao dien chi huy.jpg>
Package pdftex.def Info: Hinhve/Giao dien chi huy.jpg  used on input line 458.
(pdftex.def)             Requested size: 426.79135pt x 188.36537pt.
<Hinhve/Giao dien quan ly lich hoc.png, id=892, 951.555pt x 409.53pt>
File: Hinhve/Giao dien quan ly lich hoc.png Graphic file (type png)
<use Hinhve/Giao dien quan ly lich hoc.png>
Package pdftex.def Info: Hinhve/Giao dien quan ly lich hoc.png  used on input line 465.
(pdftex.def)             Requested size: 426.79135pt x 183.68065pt.
 [46 <./Hinhve/Giao dien trang chu.jpg> <./Hinhve/Giao dien dang nhap he thong.jpg> <./Hinhve/Giao dien chi huy.jpg>]
<Hinhve/Giao dien hoc vien.jpg, id=898, 1888.05376pt x 820.06375pt>
File: Hinhve/Giao dien hoc vien.jpg Graphic file (type jpg)
<use Hinhve/Giao dien hoc vien.jpg>
Package pdftex.def Info: Hinhve/Giao dien hoc vien.jpg  used on input line 472.
(pdftex.def)             Requested size: 426.79135pt x 185.36978pt.
<Hinhve/Giao dien quan ly thanh tich.png, id=899, 948.04187pt x 416.55624pt>
File: Hinhve/Giao dien quan ly thanh tich.png Graphic file (type png)
<use Hinhve/Giao dien quan ly thanh tich.png>
Package pdftex.def Info: Hinhve/Giao dien quan ly thanh tich.png  used on input line 479.
(pdftex.def)             Requested size: 426.79135pt x 187.52484pt.
<Hinhve/Giao dien phe duyet de xuat kqht.png, id=900, 952.55875pt x 420.06938pt>
File: Hinhve/Giao dien phe duyet de xuat kqht.png Graphic file (type png)
<use Hinhve/Giao dien phe duyet de xuat kqht.png>
Package pdftex.def Info: Hinhve/Giao dien phe duyet de xuat kqht.png  used on input line 486.
(pdftex.def)             Requested size: 426.79135pt x 188.21544pt.

Underfull \vbox (badness 4699) has occurred while \output is active []

 [47 <./Hinhve/Giao dien quan ly lich hoc.png> <./Hinhve/Giao dien hoc vien.jpg> <./Hinhve/Giao dien quan ly thanh tich.png>]
<Hinhve/Giao dien quan ly ho so hoc vien.png, id=907, 949.04562pt x 415.05063pt>
File: Hinhve/Giao dien quan ly ho so hoc vien.png Graphic file (type png)
<use Hinhve/Giao dien quan ly ho so hoc vien.png>
Package pdftex.def Info: Hinhve/Giao dien quan ly ho so hoc vien.png  used on input line 493.
(pdftex.def)             Requested size: 426.79135pt x 186.65071pt.
<Hinhve/Quan ly cat com.png, id=908, 950.55125pt x 416.05438pt>
File: Hinhve/Quan ly cat com.png Graphic file (type png)
<use Hinhve/Quan ly cat com.png>
Package pdftex.def Info: Hinhve/Quan ly cat com.png  used on input line 500.
(pdftex.def)             Requested size: 426.79135pt x 186.80374pt.
<Hinhve/Giao dien quan ly hoc tap.png, id=909, 951.555pt x 418.06187pt>
File: Hinhve/Giao dien quan ly hoc tap.png Graphic file (type png)
<use Hinhve/Giao dien quan ly hoc tap.png>
Package pdftex.def Info: Hinhve/Giao dien quan ly hoc tap.png  used on input line 507.
(pdftex.def)             Requested size: 426.79135pt x 187.50732pt.

Underfull \vbox (badness 2932) has occurred while \output is active []

 [48 <./Hinhve/Giao dien phe duyet de xuat kqht.png> <./Hinhve/Giao dien quan ly ho so hoc vien.png> <./Hinhve/Quan ly cat com.png>]
<Hinhve/Giao dien phan cong lich ban.png, id=919, 949.5475pt x 414.04688pt>
File: Hinhve/Giao dien phan cong lich ban.png Graphic file (type png)
<use Hinhve/Giao dien phan cong lich ban.png>
Package pdftex.def Info: Hinhve/Giao dien phan cong lich ban.png  used on input line 514.
(pdftex.def)             Requested size: 426.79135pt x 186.09824pt.
<Hinhve/Giao dien xem ket qua hoc tap cua hoc vien.png, id=920, 948.54375pt x 416.05438pt>
File: Hinhve/Giao dien xem ket qua hoc tap cua hoc vien.png Graphic file (type png)
<use Hinhve/Giao dien xem ket qua hoc tap cua hoc vien.png>
Package pdftex.def Info: Hinhve/Giao dien xem ket qua hoc tap cua hoc vien.png  used on input line 521.
(pdftex.def)             Requested size: 426.79135pt x 187.19734pt.
<Hinhve/Giao dien xem lich hoc cua hoc vien.png, id=921, 950.04938pt x 413.545pt>
File: Hinhve/Giao dien xem lich hoc cua hoc vien.png Graphic file (type png)
<use Hinhve/Giao dien xem lich hoc cua hoc vien.png>
Package pdftex.def Info: Hinhve/Giao dien xem lich hoc cua hoc vien.png  used on input line 528.
(pdftex.def)             Requested size: 426.79135pt x 185.77802pt.

Underfull \vbox (badness 3281) has occurred while \output is active []

 [49 <./Hinhve/Giao dien quan ly hoc tap.png> <./Hinhve/Giao dien phan cong lich ban.png> <./Hinhve/Giao dien xem ket qua hoc tap cua hoc vien.png>]
<Hinhve/Giao dien xem thanh tich cua hoc vien.png, id=929, 950.55125pt x 412.54124pt>
File: Hinhve/Giao dien xem thanh tich cua hoc vien.png Graphic file (type png)
<use Hinhve/Giao dien xem thanh tich cua hoc vien.png>
Package pdftex.def Info: Hinhve/Giao dien xem thanh tich cua hoc vien.png  used on input line 535.
(pdftex.def)             Requested size: 426.79135pt x 185.22638pt.
<Hinhve/Giao dien xem hoc phi.png, id=930, 948.04187pt x 377.91188pt>
File: Hinhve/Giao dien xem hoc phi.png Graphic file (type png)
<use Hinhve/Giao dien xem hoc phi.png>
Package pdftex.def Info: Hinhve/Giao dien xem hoc phi.png  used on input line 542.
(pdftex.def)             Requested size: 426.79135pt x 170.12796pt.

Underfull \hbox (badness 3068) in paragraph at lines 558--558
[]|\T5/ptm/m/n/13 Bä trčng t¶n t i
 []


Underfull \hbox (badness 10000) in paragraph at lines 558--558
\T5/ptm/m/n/13 khoŁn ho°c mŞt
 []


Underfull \hbox (badness 10000) in paragraph at lines 559--559
[]|\T5/ptm/m/n/13 ^^^«ng nhŞp &
 []


Underfull \hbox (badness 2103) in paragraph at lines 559--559
[]|\T5/ptm/m/n/13 ^^^«ng nhŞp th nh
 []


Underfull \hbox (badness 10000) in paragraph at lines 560--560
[]|\T5/ptm/m/n/13 ^^^«ng nhŞp &
 []


Underfull \hbox (badness 1168) in paragraph at lines 560--560
[]|\T5/ptm/m/n/13 Hĺc vi¶n cč tĽnh
 []


Overfull \hbox (51.06009pt too wide) in paragraph at lines 554--562
 [][] 
 []


Underfull \vbox (badness 10000) has occurred while \output is active []

 [50 <./Hinhve/Giao dien xem lich hoc cua hoc vien.png> <./Hinhve/Giao dien xem thanh tich cua hoc vien.png> <./Hinhve/Giao dien xem hoc phi.png>]
Underfull \hbox (badness 3746) in paragraph at lines 572--572
[]|\T5/ptm/m/n/13 Th¶m hĺc vi¶n
 []


Underfull \hbox (badness 10000) in paragraph at lines 572--572
[]|\T5/ptm/m/n/13 NhŞp trňng
 []


Underfull \hbox (badness 10000) in paragraph at lines 572--572
\T5/ptm/m/n/13 m˘ hĺc vi¶n
 []


Underfull \hbox (badness 3746) in paragraph at lines 573--573
[]|\T5/ptm/m/n/13 Th¶m hĺc vi¶n
 []


Underfull \hbox (badness 10000) in paragraph at lines 573--573
[]|\T5/ptm/m/n/13 Bä trčng cˇc
 []


Underfull \hbox (badness 10000) in paragraph at lines 573--573
\T5/ptm/m/n/13 tr÷íng b­t buëc
 []


Underfull \hbox (badness 1077) in paragraph at lines 573--573
[]|\T5/ptm/m/n/13 Hişn thŕ cŁnh bˇo y¶u c¦u
 []


Underfull \hbox (badness 2384) in paragraph at lines 574--574
[]|\T5/ptm/m/n/13 Xâa hç sě hĺc
 []


Underfull \hbox (badness 4416) in paragraph at lines 574--574
[]|\T5/ptm/m/n/13 Cˇn bë chż huy
 []


Underfull \hbox (badness 3780) in paragraph at lines 574--574
\T5/ptm/m/n/13 b§m nót xâa t i
 []


Underfull \hbox (badness 10000) in paragraph at lines 575--575
[]|\T5/ptm/m/n/13 TĽm ki¸m hĺc
 []


Overfull \hbox (51.06009pt too wide) in paragraph at lines 569--577
 [][] 
 []


Underfull \hbox (badness 2205) in paragraph at lines 587--587
\T5/ptm/m/n/13 k±m theo t»p t i
 []


Underfull \hbox (badness 2012) in paragraph at lines 588--588
[]|\T5/ptm/m/n/13 Ph¶ duy»t ^^_işm
 []


Underfull \hbox (badness 4416) in paragraph at lines 588--588
[]|\T5/ptm/m/n/13 Cˇn bë chż huy
 []


Underfull \hbox (badness 10000) in paragraph at lines 589--589
[]|\T5/ptm/m/n/13 ^^^işm mîi ^^_÷ńc
 []


Underfull \hbox (badness 1838) in paragraph at lines 589--589
\T5/ptm/m/n/13 cŞp nhŞt sau khi
 []


Underfull \hbox (badness 4416) in paragraph at lines 590--590
[]|\T5/ptm/m/n/13 Cˇn bë chż huy
 []


Overfull \hbox (51.06009pt too wide) in paragraph at lines 584--592
 [][] 
 []


Underfull \vbox (badness 10000) has occurred while \output is active []

 [51]
Underfull \hbox (badness 1769) in paragraph at lines 602--602
\T5/ptm/m/n/13 ^^_ëng t¤o bŁn ghi c­t cěm
 []


Underfull \hbox (badness 2096) in paragraph at lines 603--603
[]|\T5/ptm/m/n/13 Kişm tra cí tü
 []


Underfull \hbox (badness 2418) in paragraph at lines 604--604
[]|\T5/ptm/m/n/13 ^^^i·u chżnh lŕch
 []


Underfull \hbox (badness 3009) in paragraph at lines 604--604
[]|\T5/ptm/m/n/13 Tr¤ng thˇi cŞp nhŞt th nh
 []


Underfull \hbox (badness 10000) in paragraph at lines 604--604
\T5/ptm/m/n/13 th nh \T5/pcr/m/n/13 isAuto-Gen-er-ated
 []


Overfull \hbox (51.06009pt too wide) in paragraph at lines 599--606
 [][] 
 []


Underfull \hbox (badness 10000) in paragraph at lines 616--616
\T5/ptm/m/n/13 tr¤ng thˇi ^^_âng
 []


Underfull \hbox (badness 1681) in paragraph at lines 617--617
\T5/ptm/m/n/13 k¸t xu§t bˇo cˇo
 []


Underfull \hbox (badness 2111) in paragraph at lines 617--617
\T5/ptm/m/n/13 hĺc ph˝ cőa mët
 []


Underfull \hbox (badness 1231) in paragraph at lines 617--617
\T5/ptm/m/n/13 tin bˇo cˇo ^^_ŕnh d¤ng Ex-
 []


Overfull \hbox (51.06009pt too wide) in paragraph at lines 613--620
 [][] 
 []


Underfull \vbox (badness 10000) has occurred while \output is active []

 [52]
Underfull \hbox (badness 10000) in paragraph at lines 632--632
[]|\T5/ptm/m/n/13 Laptop ASUS
 []


Underfull \hbox (badness 10000) in paragraph at lines 632--632
\T5/ptm/m/n/13 TUF GAM-ING
 []


Underfull \hbox (badness 3396) in paragraph at lines 632--632
\T5/ptm/m/n/13 11th Gen In-tel Core i5
 []


Underfull \hbox (badness 10000) in paragraph at lines 632--632
[]|\T5/ptm/m/n/13 H^^^H: Win-dows 11;
 []


Underfull \hbox (badness 10000) in paragraph at lines 632--632
\T5/ptm/m/n/13 TrĽnh duy»t: Google
 []


Underfull \hbox (badness 10000) in paragraph at lines 633--633
[]|\T5/ptm/m/n/13 H^^^H: Win-dows 11;
 []


Underfull \hbox (badness 10000) in paragraph at lines 633--633
\T5/ptm/m/n/13 TrĽnh duy»t: Google
 []


Underfull \hbox (badness 10000) in paragraph at lines 634--634
[]|\T5/ptm/m/n/13 Laptop MSI
 []


Underfull \hbox (badness 10000) in paragraph at lines 634--634
\T5/ptm/m/n/13 Mod-ern 14
 []


Underfull \hbox (badness 10000) in paragraph at lines 634--634
\T5/ptm/m/n/13 CPU: AMD Ryzen 7-
 []


Underfull \hbox (badness 10000) in paragraph at lines 634--634
[]|\T5/ptm/m/n/13 H^^^H: Win-dows 11;
 []


Underfull \hbox (badness 10000) in paragraph at lines 634--634
\T5/ptm/m/n/13 TrĽnh duy»t: Google
 []


Overfull \hbox (65.28648pt too wide) in paragraph at lines 629--636
 [][] 
 []

[53]) [54]
Ch\uhorn \ohorn ng 5.
(./Chuong/5_Giai_phap_dong_gop.tex
Underfull \vbox (badness 10000) has occurred while \output is active []

 [55

]
Underfull \vbox (badness 10000) has occurred while \output is active []

 [56]
Underfull \vbox (badness 10000) has occurred while \output is active []

 [57]
Overfull \hbox (65.75769pt too wide) in paragraph at lines 82--83
[]\T5/ptm/m/n/13 CŞp nhŞt l¤i ^^_işm mćn hĺc t÷ěng ůng trong bŁng ^^_işm chi ti¸t (\T5/pcr/m/n/13 subject_results\T5/ptm/m/n/13 ). 
 []


Underfull \vbox (badness 10000) has occurred while \output is active []

 [58]) [59]
Ch\uhorn \ohorn ng 6.
(./Chuong/6_Ket_luan.tex
Underfull \vbox (badness 10000) has occurred while \output is active []

 [60

]
Underfull \vbox (badness 10000) has occurred while \output is active []

 [61]) [62] [63

] (./DoAn.aux)
 ***********
LaTeX2e <2026-06-01>
L3 programming layer <2026-05-26>
 ***********


LaTeX Font Warning: Size substitutions with differences
(Font)              up to 1.0pt have occurred.


LaTeX Warning: There were undefined references.


LaTeX Warning: There were multiply-defined labels.

Package rerunfilecheck Info: File `DoAn.out' has not changed.
(rerunfilecheck)             Checksum: CD7BF0F958550D73E0F3BE6402A41AA2;17264.
 ) 
Here is how much of TeX's memory you used:
 27427 strings out of 467167
 506165 string characters out of 5413691
 1042540 words of memory out of 5000000
 55956 multiletter control sequences out of 15000+600000
 667436 words of font info for 91 fonts, out of 8000000 for 9000
 1141 hyphenation exceptions out of 8191
 108i,12n,107p,2566b,861s stack positions out of 10000i,1000n,20000p,200000b,200000s
<c:/texlive/2026/texmf-dist/fonts/type1/public/amsfonts/cm/cmsy10.pfb><c:/texlive/2026/texmf-dist/fonts/type1/vntex/urwvn/ucrb8v.pfb><c:/texlive/2026/texmf-dist/fonts/type1/vntex/urwvn/ucrr8v.pfb><c:/texlive/2026/texmf-dist/fonts/type1/vntex/urwvn/utmb8v.pfb><c:/texlive/2026/texmf-dist/fonts/type1/urw/times/utmr8a.pfb><c:/texlive/2026/texmf-dist/fonts/type1/vntex/urwvn/utmr8v.pfb><c:/texlive/2026/texmf-dist/fonts/type1/vntex/urwvn/utmri8v.pfb>
Output written on DoAn.pdf (76 pages, 5947447 bytes).
PDF statistics:
 1109 PDF objects out of 1200 (max. 8388607)
 884 compressed objects within 9 object streams
 251 named destinations out of 1000 (max. 500000)
 785 words of extra memory for PDF output out of 10000 (max. 10000000)

